###############################################################################
#
# IAR ANSI C/C++ Compiler V8.30.1.114/W32 for ARM         01/Sep/2018  23:37:20
# Copyright 1999-2018 IAR Systems AB.
#
#    Cpu mode     =  thumb
#    Endian       =  little
#    Source file  =  
#        E:\Projects\ARM_LAB\stm32Labs\LabAdcLedsBegin\AHardware\IrqController\irqcontroller.cpp
#    Command line =  
#        -f C:\Users\Sergey\AppData\Local\Temp\EWC6DC.tmp
#        (E:\Projects\ARM_LAB\stm32Labs\LabAdcLedsBegin\AHardware\IrqController\irqcontroller.cpp
#        -D NDEBUG -lcN
#        E:\Projects\ARM_LAB\stm32Labs\LabAdcLedsBegin\Debug\List -lb
#        E:\Projects\ARM_LAB\stm32Labs\LabAdcLedsBegin\Debug\List -o
#        E:\Projects\ARM_LAB\stm32Labs\LabAdcLedsBegin\Debug\Obj --no_cse
#        --no_unroll --no_inline --no_code_motion --no_tbaa --no_clustering
#        --no_scheduling --debug --endian=little --cpu=Cortex-M4 -e
#        --fpu=VFPv4_sp --dlib_config "D:\Program Files (x86)\IAR
#        Systems\Embedded Workbench 8.1\arm\inc\c\DLib_Config_Normal.h" -I
#        E:\Projects\ARM_LAB\stm32Labs\LabAdcLedsBegin\ -I
#        E:\Projects\ARM_LAB\stm32Labs\LabAdcLedsBegin\Application\ -I
#        E:\Projects\ARM_LAB\stm32Labs\LabAdcLedsBegin\Common\ -I
#        E:\Projects\ARM_LAB\stm32Labs\LabAdcLedsBegin\AHardware\ -I
#        E:\Projects\ARM_LAB\stm32Labs\LabAdcLedsBegin\AHardware\GpioPort\ -I
#        E:\Projects\ARM_LAB\stm32Labs\LabAdcLedsBegin\AHardware\IrqController\
#        -I E:\Projects\ARM_LAB\stm32Labs\LabAdcLedsBegin\CMSIS\ -On --c++
#        --no_exceptions --no_rtti)
#    Locale       =  C
#    List file    =  
#        E:\Projects\ARM_LAB\stm32Labs\LabAdcLedsBegin\Debug\List\irqcontroller.lst
#    Object file  =  
#        E:\Projects\ARM_LAB\stm32Labs\LabAdcLedsBegin\Debug\Obj\irqcontroller.o
#
###############################################################################

E:\Projects\ARM_LAB\stm32Labs\LabAdcLedsBegin\AHardware\IrqController\irqcontroller.cpp
      1          //
      2          // Created by Sergey on 27.08.2018.
      3          //
      4          #include "irqcontroller.hpp"
      5          
      6          void IrqController::HandleIrqExtiLine15_10()
      7          {
      8            EXTI->PR = EXTI_PR_PR13 ;  
      9          }

   Maximum stack usage in bytes:

   .cstack Function
   ------- --------
       0   IrqController::HandleIrqExtiLine15_10()


   Section sizes:

   Bytes  Function/Label
   -----  --------------
      16  IrqController::HandleIrqExtiLine15_10()

 
 16 bytes in section .text
 
 16 bytes of CODE memory

Errors: none
Warnings: none
