###############################################################################
#
# IAR ANSI C/C++ Compiler V8.30.1.114/W32 for ARM         01/Sep/2018  18:56:23
# Copyright 1999-2018 IAR Systems AB.
#
#    Cpu mode     =  thumb
#    Endian       =  little
#    Source file  =  
#        E:\Projects\ARM_LAB\stm32Labs\LabAdcLedsBegin\Application\ledscontroller.cpp
#    Command line =  
#        -f C:\Users\Sergey\AppData\Local\Temp\EW8979.tmp
#        (E:\Projects\ARM_LAB\stm32Labs\LabAdcLedsBegin\Application\ledscontroller.cpp
#        -D NDEBUG -lcN
#        E:\Projects\ARM_LAB\stm32Labs\LabAdcLedsBegin\Debug\List -lb
#        E:\Projects\ARM_LAB\stm32Labs\LabAdcLedsBegin\Debug\List -o
#        E:\Projects\ARM_LAB\stm32Labs\LabAdcLedsBegin\Debug\Obj --debug
#        --endian=little --cpu=Cortex-M4 -e --fpu=VFPv4_sp --dlib_config
#        "D:\Program Files (x86)\IAR Systems\Embedded Workbench
#        8.1\arm\inc\c\DLib_Config_Normal.h" -I
#        E:\Projects\ARM_LAB\stm32Labs\LabAdcLedsBegin\ -I
#        E:\Projects\ARM_LAB\stm32Labs\LabAdcLedsBegin\Application\ -I
#        E:\Projects\ARM_LAB\stm32Labs\LabAdcLedsBegin\Common\ -I
#        E:\Projects\ARM_LAB\stm32Labs\LabAdcLedsBegin\AHardware\ -I
#        E:\Projects\ARM_LAB\stm32Labs\LabAdcLedsBegin\AHardware\GpioPort\ -I
#        E:\Projects\ARM_LAB\stm32Labs\LabAdcLedsBegin\AHardware\IrqController\
#        -I E:\Projects\ARM_LAB\stm32Labs\LabAdcLedsBegin\CMSIS\ -Oh --c++
#        --no_exceptions --no_rtti)
#    Locale       =  C
#    List file    =  
#        E:\Projects\ARM_LAB\stm32Labs\LabAdcLedsBegin\Debug\List\ledscontroller.lst
#    Object file  =  
#        E:\Projects\ARM_LAB\stm32Labs\LabAdcLedsBegin\Debug\Obj\ledscontroller.o
#
###############################################################################

E:\Projects\ARM_LAB\stm32Labs\LabAdcLedsBegin\Application\ledscontroller.cpp
      1          /*******************************************************************************
      2          *  FILENAME: ledscontroller.cpp
      3          *
      4          *  SUSU
      5          *  Author: Sergey Kolody
      6          *
      7          *******************************************************************************/
      8          #include "ledscontroller.hpp" 
      9          #include "ledsmode.hpp"
     10          
     11          /*******************************************************************************
     12          * Function:  nextStep
     13          * Description: 
     14          * Threading usage and Assumptions:  none
     15          ******************************************************************************/
     16          inline void LedsController::Update(tU8 value) 
     17          {
     18            modes[currentMode].get().Do();
     19          }


   Section sizes:

   Bytes  Function/Label
   -----  --------------
       8  instance
       8  instance
       8  instance
       8  instance
       8  instance
       8  instance
       8  instance
       8  instance
      16  instance
     337  -- Other

 
  89 bytes in section .bss
 328 bytes in section .rodata
 
 0 bytes of CONST memory (+ 328 bytes shared)
 0 bytes of DATA  memory (+  89 bytes shared)

Errors: none
Warnings: none
